<?xml version="1.0" encoding="UTF-8"?>
<Site BuildName="(empty)"
	BuildStamp="20260225-1712-Experimental"
	Name="lunabot"
	Generator="ctest-3.28.3"
	CompilerName="/usr/bin/c++"
	CompilerVersion="13.3.0"
	OSName="Linux"
	Hostname="lunabot"
	OSRelease="6.8.0-1048-raspi"
	OSVersion="#52-Ubuntu SMP PREEMPT_DYNAMIC Thu Feb 12 14:35:58 UTC 2026"
	OSPlatform="aarch64"
	Is64Bits="1"
	VendorString=""
	VendorID="Unknown Manufacturer"
	FamilyID="8"
	ModelID="0"
	ProcessorCacheSize="0"
	NumberOfLogicalCPU="4"
	NumberOfPhysicalCPU="1"
	TotalVirtualMemory="0"
	TotalPhysicalMemory="7937"
	LogicalProcessorsPerPhysical="4"
	ProcessorClockFrequency="0"
	>
	<Testing>
		<StartDateTime>Feb 25 12:12 EST</StartDateTime>
		<StartTestTime>1772039524</StartTestTime>
		<TestList>
			<Test>./copyright</Test>
			<Test>./cppcheck</Test>
			<Test>./cpplint</Test>
			<Test>./lint_cmake</Test>
			<Test>./uncrustify</Test>
			<Test>./xmllint</Test>
		</TestList>
		<Test Status="passed">
			<Name>copyright</Name>
			<Path>.</Path>
			<FullName>./copyright</FullName>
			<FullCommandLine>/usr/bin/python3 "-u" "/opt/ros/jazzy/share/ament_cmake_test/cmake/run_test.py" "/home/jjb/ros2_ws/build/examples_rclcpp_multithreaded_executor/test_results/examples_rclcpp_multithreaded_executor/copyright.xunit.xml" "--package-name" "examples_rclcpp_multithreaded_executor" "--output-file" "/home/jjb/ros2_ws/build/examples_rclcpp_multithreaded_executor/ament_copyright/copyright.txt" "--command" "/opt/ros/jazzy/bin/ament_copyright" "--xunit-file" "/home/jjb/ros2_ws/build/examples_rclcpp_multithreaded_executor/test_results/examples_rclcpp_multithreaded_executor/copyright.xunit.xml"</FullCommandLine>
			<Results>
				<NamedMeasurement type="numeric/double" name="Execution Time">
					<Value>0.51319</Value>
				</NamedMeasurement>
				<NamedMeasurement type="numeric/double" name="Processors">
					<Value>1</Value>
				</NamedMeasurement>
				<NamedMeasurement type="text/string" name="Completion Status">
					<Value>Completed</Value>
				</NamedMeasurement>
				<NamedMeasurement type="text/string" name="Command Line">
					<Value>/usr/bin/python3 "-u" "/opt/ros/jazzy/share/ament_cmake_test/cmake/run_test.py" "/home/jjb/ros2_ws/build/examples_rclcpp_multithreaded_executor/test_results/examples_rclcpp_multithreaded_executor/copyright.xunit.xml" "--package-name" "examples_rclcpp_multithreaded_executor" "--output-file" "/home/jjb/ros2_ws/build/examples_rclcpp_multithreaded_executor/ament_copyright/copyright.txt" "--command" "/opt/ros/jazzy/bin/ament_copyright" "--xunit-file" "/home/jjb/ros2_ws/build/examples_rclcpp_multithreaded_executor/test_results/examples_rclcpp_multithreaded_executor/copyright.xunit.xml"</Value>
				</NamedMeasurement>
				<NamedMeasurement type="text/string" name="Environment">
					<Value>#CTEST_RESOURCE_GROUP_COUNT=</Value>
				</NamedMeasurement>
				<Measurement>
					<Value>-- run_test.py: invoking following command in '/home/jjb/ros2_ws/src/examples/rclcpp/executors/multithreaded_executor':
 - /opt/ros/jazzy/bin/ament_copyright --xunit-file /home/jjb/ros2_ws/build/examples_rclcpp_multithreaded_executor/test_results/examples_rclcpp_multithreaded_executor/copyright.xunit.xml
No problems found, checked 1 files
-- run_test.py: return code 0
-- run_test.py: verify result file '/home/jjb/ros2_ws/build/examples_rclcpp_multithreaded_executor/test_results/examples_rclcpp_multithreaded_executor/copyright.xunit.xml'
</Value>
				</Measurement>
			</Results>
			<Labels>
				<Label>copyright</Label>
				<Label>linter</Label>
			</Labels>
		</Test>
		<Test Status="passed">
			<Name>cppcheck</Name>
			<Path>.</Path>
			<FullName>./cppcheck</FullName>
			<FullCommandLine>/usr/bin/python3 "-u" "/opt/ros/jazzy/share/ament_cmake_test/cmake/run_test.py" "/home/jjb/ros2_ws/build/examples_rclcpp_multithreaded_executor/test_results/examples_rclcpp_multithreaded_executor/cppcheck.xunit.xml" "--package-name" "examples_rclcpp_multithreaded_executor" "--output-file" "/home/jjb/ros2_ws/build/examples_rclcpp_multithreaded_executor/ament_cppcheck/cppcheck.txt" "--command" "/opt/ros/jazzy/bin/ament_cppcheck" "--xunit-file" "/home/jjb/ros2_ws/build/examples_rclcpp_multithreaded_executor/test_results/examples_rclcpp_multithreaded_executor/cppcheck.xunit.xml"</FullCommandLine>
			<Results>
				<NamedMeasurement type="numeric/double" name="Execution Time">
					<Value>0.405938</Value>
				</NamedMeasurement>
				<NamedMeasurement type="numeric/double" name="Processors">
					<Value>1</Value>
				</NamedMeasurement>
				<NamedMeasurement type="text/string" name="Completion Status">
					<Value>Completed</Value>
				</NamedMeasurement>
				<NamedMeasurement type="text/string" name="Command Line">
					<Value>/usr/bin/python3 "-u" "/opt/ros/jazzy/share/ament_cmake_test/cmake/run_test.py" "/home/jjb/ros2_ws/build/examples_rclcpp_multithreaded_executor/test_results/examples_rclcpp_multithreaded_executor/cppcheck.xunit.xml" "--package-name" "examples_rclcpp_multithreaded_executor" "--output-file" "/home/jjb/ros2_ws/build/examples_rclcpp_multithreaded_executor/ament_cppcheck/cppcheck.txt" "--command" "/opt/ros/jazzy/bin/ament_cppcheck" "--xunit-file" "/home/jjb/ros2_ws/build/examples_rclcpp_multithreaded_executor/test_results/examples_rclcpp_multithreaded_executor/cppcheck.xunit.xml"</Value>
				</NamedMeasurement>
				<NamedMeasurement type="text/string" name="Environment">
					<Value>#CTEST_RESOURCE_GROUP_COUNT=</Value>
				</NamedMeasurement>
				<Measurement>
					<Value>-- run_test.py: invoking following command in '/home/jjb/ros2_ws/src/examples/rclcpp/executors/multithreaded_executor':
 - /opt/ros/jazzy/bin/ament_cppcheck --xunit-file /home/jjb/ros2_ws/build/examples_rclcpp_multithreaded_executor/test_results/examples_rclcpp_multithreaded_executor/cppcheck.xunit.xml
cppcheck 2.13.0 has known performance issues and therefore will not be used, set the AMENT_CPPCHECK_ALLOW_SLOW_VERSIONS environment variable to override this.
-- run_test.py: return code 0
-- run_test.py: verify result file '/home/jjb/ros2_ws/build/examples_rclcpp_multithreaded_executor/test_results/examples_rclcpp_multithreaded_executor/cppcheck.xunit.xml'
</Value>
				</Measurement>
			</Results>
			<Labels>
				<Label>cppcheck</Label>
				<Label>linter</Label>
			</Labels>
		</Test>
		<Test Status="passed">
			<Name>cpplint</Name>
			<Path>.</Path>
			<FullName>./cpplint</FullName>
			<FullCommandLine>/usr/bin/python3 "-u" "/opt/ros/jazzy/share/ament_cmake_test/cmake/run_test.py" "/home/jjb/ros2_ws/build/examples_rclcpp_multithreaded_executor/test_results/examples_rclcpp_multithreaded_executor/cpplint.xunit.xml" "--package-name" "examples_rclcpp_multithreaded_executor" "--output-file" "/home/jjb/ros2_ws/build/examples_rclcpp_multithreaded_executor/ament_cpplint/cpplint.txt" "--command" "/opt/ros/jazzy/bin/ament_cpplint" "--xunit-file" "/home/jjb/ros2_ws/build/examples_rclcpp_multithreaded_executor/test_results/examples_rclcpp_multithreaded_executor/cpplint.xunit.xml"</FullCommandLine>
			<Results>
				<NamedMeasurement type="numeric/double" name="Execution Time">
					<Value>0.406803</Value>
				</NamedMeasurement>
				<NamedMeasurement type="numeric/double" name="Processors">
					<Value>1</Value>
				</NamedMeasurement>
				<NamedMeasurement type="text/string" name="Completion Status">
					<Value>Completed</Value>
				</NamedMeasurement>
				<NamedMeasurement type="text/string" name="Command Line">
					<Value>/usr/bin/python3 "-u" "/opt/ros/jazzy/share/ament_cmake_test/cmake/run_test.py" "/home/jjb/ros2_ws/build/examples_rclcpp_multithreaded_executor/test_results/examples_rclcpp_multithreaded_executor/cpplint.xunit.xml" "--package-name" "examples_rclcpp_multithreaded_executor" "--output-file" "/home/jjb/ros2_ws/build/examples_rclcpp_multithreaded_executor/ament_cpplint/cpplint.txt" "--command" "/opt/ros/jazzy/bin/ament_cpplint" "--xunit-file" "/home/jjb/ros2_ws/build/examples_rclcpp_multithreaded_executor/test_results/examples_rclcpp_multithreaded_executor/cpplint.xunit.xml"</Value>
				</NamedMeasurement>
				<NamedMeasurement type="text/string" name="Environment">
					<Value>#CTEST_RESOURCE_GROUP_COUNT=</Value>
				</NamedMeasurement>
				<Measurement>
					<Value>-- run_test.py: invoking following command in '/home/jjb/ros2_ws/src/examples/rclcpp/executors/multithreaded_executor':
 - /opt/ros/jazzy/bin/ament_cpplint --xunit-file /home/jjb/ros2_ws/build/examples_rclcpp_multithreaded_executor/test_results/examples_rclcpp_multithreaded_executor/cpplint.xunit.xml
Using '--root=..' argument

Done processing /home/jjb/ros2_ws/src/examples/rclcpp/executors/multithreaded_executor/multithreaded_executor.cpp

No problems found
-- run_test.py: return code 0
-- run_test.py: verify result file '/home/jjb/ros2_ws/build/examples_rclcpp_multithreaded_executor/test_results/examples_rclcpp_multithreaded_executor/cpplint.xunit.xml'
</Value>
				</Measurement>
			</Results>
			<Labels>
				<Label>cpplint</Label>
				<Label>linter</Label>
			</Labels>
		</Test>
		<Test Status="passed">
			<Name>lint_cmake</Name>
			<Path>.</Path>
			<FullName>./lint_cmake</FullName>
			<FullCommandLine>/usr/bin/python3 "-u" "/opt/ros/jazzy/share/ament_cmake_test/cmake/run_test.py" "/home/jjb/ros2_ws/build/examples_rclcpp_multithreaded_executor/test_results/examples_rclcpp_multithreaded_executor/lint_cmake.xunit.xml" "--package-name" "examples_rclcpp_multithreaded_executor" "--output-file" "/home/jjb/ros2_ws/build/examples_rclcpp_multithreaded_executor/ament_lint_cmake/lint_cmake.txt" "--command" "/opt/ros/jazzy/bin/ament_lint_cmake" "--xunit-file" "/home/jjb/ros2_ws/build/examples_rclcpp_multithreaded_executor/test_results/examples_rclcpp_multithreaded_executor/lint_cmake.xunit.xml"</FullCommandLine>
			<Results>
				<NamedMeasurement type="numeric/double" name="Execution Time">
					<Value>0.435411</Value>
				</NamedMeasurement>
				<NamedMeasurement type="numeric/double" name="Processors">
					<Value>1</Value>
				</NamedMeasurement>
				<NamedMeasurement type="text/string" name="Completion Status">
					<Value>Completed</Value>
				</NamedMeasurement>
				<NamedMeasurement type="text/string" name="Command Line">
					<Value>/usr/bin/python3 "-u" "/opt/ros/jazzy/share/ament_cmake_test/cmake/run_test.py" "/home/jjb/ros2_ws/build/examples_rclcpp_multithreaded_executor/test_results/examples_rclcpp_multithreaded_executor/lint_cmake.xunit.xml" "--package-name" "examples_rclcpp_multithreaded_executor" "--output-file" "/home/jjb/ros2_ws/build/examples_rclcpp_multithreaded_executor/ament_lint_cmake/lint_cmake.txt" "--command" "/opt/ros/jazzy/bin/ament_lint_cmake" "--xunit-file" "/home/jjb/ros2_ws/build/examples_rclcpp_multithreaded_executor/test_results/examples_rclcpp_multithreaded_executor/lint_cmake.xunit.xml"</Value>
				</NamedMeasurement>
				<NamedMeasurement type="text/string" name="Environment">
					<Value>#CTEST_RESOURCE_GROUP_COUNT=</Value>
				</NamedMeasurement>
				<Measurement>
					<Value>-- run_test.py: invoking following command in '/home/jjb/ros2_ws/src/examples/rclcpp/executors/multithreaded_executor':
 - /opt/ros/jazzy/bin/ament_lint_cmake --xunit-file /home/jjb/ros2_ws/build/examples_rclcpp_multithreaded_executor/test_results/examples_rclcpp_multithreaded_executor/lint_cmake.xunit.xml

No problems found
-- run_test.py: return code 0
-- run_test.py: verify result file '/home/jjb/ros2_ws/build/examples_rclcpp_multithreaded_executor/test_results/examples_rclcpp_multithreaded_executor/lint_cmake.xunit.xml'
</Value>
				</Measurement>
			</Results>
			<Labels>
				<Label>lint_cmake</Label>
				<Label>linter</Label>
			</Labels>
		</Test>
		<Test Status="passed">
			<Name>uncrustify</Name>
			<Path>.</Path>
			<FullName>./uncrustify</FullName>
			<FullCommandLine>/usr/bin/python3 "-u" "/opt/ros/jazzy/share/ament_cmake_test/cmake/run_test.py" "/home/jjb/ros2_ws/build/examples_rclcpp_multithreaded_executor/test_results/examples_rclcpp_multithreaded_executor/uncrustify.xunit.xml" "--package-name" "examples_rclcpp_multithreaded_executor" "--output-file" "/home/jjb/ros2_ws/build/examples_rclcpp_multithreaded_executor/ament_uncrustify/uncrustify.txt" "--command" "/opt/ros/jazzy/bin/ament_uncrustify" "--xunit-file" "/home/jjb/ros2_ws/build/examples_rclcpp_multithreaded_executor/test_results/examples_rclcpp_multithreaded_executor/uncrustify.xunit.xml"</FullCommandLine>
			<Results>
				<NamedMeasurement type="numeric/double" name="Execution Time">
					<Value>0.420747</Value>
				</NamedMeasurement>
				<NamedMeasurement type="numeric/double" name="Processors">
					<Value>1</Value>
				</NamedMeasurement>
				<NamedMeasurement type="text/string" name="Completion Status">
					<Value>Completed</Value>
				</NamedMeasurement>
				<NamedMeasurement type="text/string" name="Command Line">
					<Value>/usr/bin/python3 "-u" "/opt/ros/jazzy/share/ament_cmake_test/cmake/run_test.py" "/home/jjb/ros2_ws/build/examples_rclcpp_multithreaded_executor/test_results/examples_rclcpp_multithreaded_executor/uncrustify.xunit.xml" "--package-name" "examples_rclcpp_multithreaded_executor" "--output-file" "/home/jjb/ros2_ws/build/examples_rclcpp_multithreaded_executor/ament_uncrustify/uncrustify.txt" "--command" "/opt/ros/jazzy/bin/ament_uncrustify" "--xunit-file" "/home/jjb/ros2_ws/build/examples_rclcpp_multithreaded_executor/test_results/examples_rclcpp_multithreaded_executor/uncrustify.xunit.xml"</Value>
				</NamedMeasurement>
				<NamedMeasurement type="text/string" name="Environment">
					<Value>#CTEST_RESOURCE_GROUP_COUNT=</Value>
				</NamedMeasurement>
				<Measurement>
					<Value>-- run_test.py: invoking following command in '/home/jjb/ros2_ws/src/examples/rclcpp/executors/multithreaded_executor':
 - /opt/ros/jazzy/bin/ament_uncrustify --xunit-file /home/jjb/ros2_ws/build/examples_rclcpp_multithreaded_executor/test_results/examples_rclcpp_multithreaded_executor/uncrustify.xunit.xml
No code style divergence in file 'multithreaded_executor.cpp'

No problems found
-- run_test.py: return code 0
-- run_test.py: verify result file '/home/jjb/ros2_ws/build/examples_rclcpp_multithreaded_executor/test_results/examples_rclcpp_multithreaded_executor/uncrustify.xunit.xml'
</Value>
				</Measurement>
			</Results>
			<Labels>
				<Label>linter</Label>
				<Label>uncrustify</Label>
			</Labels>
		</Test>
		<Test Status="passed">
			<Name>xmllint</Name>
			<Path>.</Path>
			<FullName>./xmllint</FullName>
			<FullCommandLine>/usr/bin/python3 "-u" "/opt/ros/jazzy/share/ament_cmake_test/cmake/run_test.py" "/home/jjb/ros2_ws/build/examples_rclcpp_multithreaded_executor/test_results/examples_rclcpp_multithreaded_executor/xmllint.xunit.xml" "--package-name" "examples_rclcpp_multithreaded_executor" "--output-file" "/home/jjb/ros2_ws/build/examples_rclcpp_multithreaded_executor/ament_xmllint/xmllint.txt" "--command" "/opt/ros/jazzy/bin/ament_xmllint" "--xunit-file" "/home/jjb/ros2_ws/build/examples_rclcpp_multithreaded_executor/test_results/examples_rclcpp_multithreaded_executor/xmllint.xunit.xml"</FullCommandLine>
			<Results>
				<NamedMeasurement type="numeric/double" name="Execution Time">
					<Value>0.580721</Value>
				</NamedMeasurement>
				<NamedMeasurement type="numeric/double" name="Processors">
					<Value>1</Value>
				</NamedMeasurement>
				<NamedMeasurement type="text/string" name="Completion Status">
					<Value>Completed</Value>
				</NamedMeasurement>
				<NamedMeasurement type="text/string" name="Command Line">
					<Value>/usr/bin/python3 "-u" "/opt/ros/jazzy/share/ament_cmake_test/cmake/run_test.py" "/home/jjb/ros2_ws/build/examples_rclcpp_multithreaded_executor/test_results/examples_rclcpp_multithreaded_executor/xmllint.xunit.xml" "--package-name" "examples_rclcpp_multithreaded_executor" "--output-file" "/home/jjb/ros2_ws/build/examples_rclcpp_multithreaded_executor/ament_xmllint/xmllint.txt" "--command" "/opt/ros/jazzy/bin/ament_xmllint" "--xunit-file" "/home/jjb/ros2_ws/build/examples_rclcpp_multithreaded_executor/test_results/examples_rclcpp_multithreaded_executor/xmllint.xunit.xml"</Value>
				</NamedMeasurement>
				<NamedMeasurement type="text/string" name="Environment">
					<Value>#CTEST_RESOURCE_GROUP_COUNT=</Value>
				</NamedMeasurement>
				<Measurement>
					<Value>-- run_test.py: invoking following command in '/home/jjb/ros2_ws/src/examples/rclcpp/executors/multithreaded_executor':
 - /opt/ros/jazzy/bin/ament_xmllint --xunit-file /home/jjb/ros2_ws/build/examples_rclcpp_multithreaded_executor/test_results/examples_rclcpp_multithreaded_executor/xmllint.xunit.xml
File 'package.xml' is valid

No problems found
-- run_test.py: return code 0
-- run_test.py: verify result file '/home/jjb/ros2_ws/build/examples_rclcpp_multithreaded_executor/test_results/examples_rclcpp_multithreaded_executor/xmllint.xunit.xml'
</Value>
				</Measurement>
			</Results>
			<Labels>
				<Label>linter</Label>
				<Label>xmllint</Label>
			</Labels>
		</Test>
		<EndDateTime>Feb 25 12:12 EST</EndDateTime>
		<EndTestTime>1772039527</EndTestTime>
		<ElapsedMinutes>0</ElapsedMinutes>
	</Testing>
</Site>
